C:\Program Files (x86)\Microsoft Visual Studio\2019\Community\MSBuild\Microsoft\VC\v160\Microsoft.CppBuild.targets(467,5): warning MSB8028: The intermediate directory (x64\Debug\) contains files shared from another project (FaceDetection.vcxproj, Project1.vcxproj).  This can lead to incorrect clean and rebuild behavior.
  my_app.cc
  run.cc
  Detect.cpp
C:\Users\Rithvik\Desktop\Test\Cinder\my-projects\final-project-rithvikmahin\src\Detect.cpp(78,98): warning C4244: 'argument': conversion from 'double' to '_Tp', possible loss of data
          with
          [
              _Tp=int
          ]
C:\Users\Rithvik\Desktop\Test\Cinder\my-projects\final-project-rithvikmahin\src\Detect.cpp(78,49): warning C4244: 'argument': conversion from 'double' to '_Tp', possible loss of data
          with
          [
              _Tp=int
          ]
C:\Users\Rithvik\Desktop\Test\Cinder\my-projects\final-project-rithvikmahin\src\Detect.cpp(80,63): warning C4244: 'argument': conversion from 'const double' to '_Tp', possible loss of data
          with
          [
              _Tp=int
          ]
C:\Users\Rithvik\Desktop\Test\Cinder\my-projects\final-project-rithvikmahin\src\Detect.cpp(80,39): warning C4244: 'argument': conversion from 'const double' to '_Tp', possible loss of data
          with
          [
              _Tp=int
          ]
C:\Users\Rithvik\Desktop\Test\Cinder\my-projects\final-project-rithvikmahin\src\Detect.cpp(120,56): warning C4244: 'argument': conversion from 'double' to '_Tp', possible loss of data
          with
          [
              _Tp=int
          ]
C:\Users\Rithvik\Desktop\Test\Cinder\my-projects\final-project-rithvikmahin\src\Detect.cpp(119,79): warning C4244: 'argument': conversion from 'double' to '_Tp', possible loss of data
          with
          [
              _Tp=int
          ]
  Generating Code...
  Project1.vcxproj -> C:\Users\Rithvik\Desktop\Test\Cinder\my-projects\final-project-rithvikmahin\Project1\x64\Debug\FaceDetect.exe
